./Debug\asst1.ilk
./Debug\asst1.pdb
C:\Users\Huang\Documents\CS175\asst1\./Debug\asst1.exe
C:\Users\Huang\Documents\CS175\asst1\./Debug\asst1.exe.intermediate.manifest
C:\USERS\HUANG\DOCUMENTS\CS175\ASST1\DEBUG\ASST1.EXE
C:\USERS\HUANG\DOCUMENTS\CS175\ASST1\DEBUG\ASST1.EXE.EMBED.MANIFEST
C:\USERS\HUANG\DOCUMENTS\CS175\ASST1\DEBUG\ASST1.EXE.EMBED.MANIFEST.RES
C:\USERS\HUANG\DOCUMENTS\CS175\ASST1\DEBUG\ASST1.EXE.INTERMEDIATE.MANIFEST
C:\USERS\HUANG\DOCUMENTS\CS175\ASST1\DEBUG\ASST1.ILK
C:\USERS\HUANG\DOCUMENTS\CS175\ASST1\DEBUG\ASST1.OBJ
C:\USERS\HUANG\DOCUMENTS\CS175\ASST1\DEBUG\ASST1.PDB
C:\Users\Huang\Documents\CS175\asst1\Debug\asst1.write.1.tlog
C:\Users\Huang\Documents\CS175\asst1\Debug\asst1_manifest.rc
C:\Users\Huang\Documents\CS175\asst1\Debug\cl.command.1.tlog
C:\Users\Huang\Documents\CS175\asst1\Debug\CL.read.1.tlog
C:\Users\Huang\Documents\CS175\asst1\Debug\CL.write.1.tlog
C:\USERS\HUANG\DOCUMENTS\CS175\ASST1\DEBUG\GLSUPPORT.OBJ
C:\Users\Huang\Documents\CS175\asst1\Debug\link.2308.read.1.tlog
C:\Users\Huang\Documents\CS175\asst1\Debug\link.2308.write.1.tlog
C:\Users\Huang\Documents\CS175\asst1\Debug\link.2308-cvtres.read.1.tlog
C:\Users\Huang\Documents\CS175\asst1\Debug\link.2308-cvtres.write.1.tlog
C:\Users\Huang\Documents\CS175\asst1\Debug\link.command.1.tlog
C:\Users\Huang\Documents\CS175\asst1\Debug\link.read.1.tlog
C:\Users\Huang\Documents\CS175\asst1\Debug\link.write.1.tlog
C:\Users\Huang\Documents\CS175\asst1\Debug\link-cvtres.read.1.tlog
C:\Users\Huang\Documents\CS175\asst1\Debug\link-cvtres.write.1.tlog
C:\Users\Huang\Documents\CS175\asst1\Debug\mt.command.1.tlog
C:\Users\Huang\Documents\CS175\asst1\Debug\mt.read.1.tlog
C:\Users\Huang\Documents\CS175\asst1\Debug\mt.write.1.tlog
C:\USERS\HUANG\DOCUMENTS\CS175\ASST1\DEBUG\PPM.OBJ
C:\Users\Huang\Documents\CS175\asst1\Debug\rc.command.1.tlog
C:\Users\Huang\Documents\CS175\asst1\Debug\rc.read.1.tlog
C:\Users\Huang\Documents\CS175\asst1\Debug\rc.write.1.tlog
C:\Users\Huang\Documents\CS175\asst1\Debug\vc100.idb
C:\USERS\HUANG\DOCUMENTS\CS175\ASST1\DEBUG\VC100.PDB
