Build started 9/14/2014 8:43:35 PM.
     1>Project "C:\Users\Huang\Documents\CS175\asst1\asst1.vcxproj" on node 2 (rebuild target(s)).
     1>_PrepareForClean:
         Deleting file "./Debug\asst1.lastbuildstate".
       InitializeBuildStatus:
         Creating "./Debug\asst1.unsuccessfulbuild" because "AlwaysCreate" was specified.
       ClCompile:
         c:\Program Files (x86)\Microsoft Visual Studio 10.0\VC\bin\CL.exe /c /ZI /nologo /W3 /WX- /Od /Oy- /D WIN32 /D _DEBUG /D _CONSOLE /D _UNICODE /D UNICODE /Gm /EHsc /RTC1 /MDd /GS /fp:precise /Zc:wchar_t /Zc:forScope /Fo"./Debug\\" /Fd"./Debug\vc100.pdb" /Gd /TP /analyze- /errorReport:prompt glsupport.cpp ppm.cpp asst1.cpp
         asst1.cpp
         ppm.cpp
         glsupport.cpp
         Generating Code...
       ManifestResourceCompile:
         C:\Program Files (x86)\Microsoft SDKs\Windows\v7.0A\bin\rc.exe /nologo /fo"./Debug\asst1.exe.embed.manifest.res" ./Debug\asst1_manifest.rc 
       Link:
         c:\Program Files (x86)\Microsoft Visual Studio 10.0\VC\bin\link.exe /ERRORREPORT:PROMPT /OUT:"./Debug\asst1.exe" /INCREMENTAL /NOLOGO glew32.lib glut32.lib kernel32.lib user32.lib gdi32.lib winspool.lib comdlg32.lib advapi32.lib shell32.lib ole32.lib oleaut32.lib uuid.lib odbc32.lib odbccp32.lib /MANIFEST /ManifestFile:"./Debug\asst1.exe.intermediate.manifest" /MANIFESTUAC:"level='asInvoker' uiAccess='false'" /DEBUG /PDB:"C:\Users\Huang\Documents\CS175\asst1\Debug\asst1.pdb" /SUBSYSTEM:CONSOLE /TLBID:1 /DYNAMICBASE /NXCOMPAT /IMPLIB:"./Debug\asst1.lib" /MACHINE:X86 ./Debug\asst1.exe.embed.manifest.res
         ./Debug\glsupport.obj
         ./Debug\ppm.obj
         ./Debug\asst1.obj
       Manifest:
         Deleting file "./Debug\asst1.exe.embed.manifest".
         C:\Program Files (x86)\Microsoft SDKs\Windows\v7.0A\bin\mt.exe /nologo /verbose /out:"./Debug\asst1.exe.embed.manifest" /manifest ./Debug\asst1.exe.intermediate.manifest
         C:\Program Files (x86)\Microsoft SDKs\Windows\v7.0A\bin\rc.exe /nologo /fo"./Debug\asst1.exe.embed.manifest.res" ./Debug\asst1_manifest.rc 
       LinkEmbedManifest:
         c:\Program Files (x86)\Microsoft Visual Studio 10.0\VC\bin\link.exe /ERRORREPORT:PROMPT /OUT:"./Debug\asst1.exe" /INCREMENTAL /NOLOGO glew32.lib glut32.lib kernel32.lib user32.lib gdi32.lib winspool.lib comdlg32.lib advapi32.lib shell32.lib ole32.lib oleaut32.lib uuid.lib odbc32.lib odbccp32.lib /MANIFEST /ManifestFile:"./Debug\asst1.exe.intermediate.manifest" /MANIFESTUAC:"level='asInvoker' uiAccess='false'" /DEBUG /PDB:"C:\Users\Huang\Documents\CS175\asst1\Debug\asst1.pdb" /SUBSYSTEM:CONSOLE /TLBID:1 /DYNAMICBASE /NXCOMPAT /IMPLIB:"./Debug\asst1.lib" /MACHINE:X86 ./Debug\asst1.exe.embed.manifest.res
         ./Debug\glsupport.obj
         ./Debug\ppm.obj
         ./Debug\asst1.obj
         asst1.vcxproj -> C:\Users\Huang\Documents\CS175\asst1\./Debug\asst1.exe
       FinalizeBuildStatus:
         Deleting file "./Debug\asst1.unsuccessfulbuild".
         Touching "./Debug\asst1.lastbuildstate".
     1>Done Building Project "C:\Users\Huang\Documents\CS175\asst1\asst1.vcxproj" (rebuild target(s)).

Build succeeded.

Time Elapsed 00:00:04.36
